<?xml version="1.0" encoding="UTF-8"?>
<!-- Generated by org.testng.reporters.JUnitReportReporter -->
<testsuite hostname="LAPTOP-ISKHN4MM" name="Test.HomePageTest" tests="3" failures="0" timestamp="19 Apr 2020 17:55:11 GMT" time="134.271" errors="2">
  <testcase name="homePage_onDevice" time="51.680" classname="Test.HomePageTest">
    <error type="com.galenframework.support.LayoutValidationException" message="/Specification/homepage.gspec, tags: [mobile]
  - &quot;text-block-1&quot; is 130px above &quot;login-button&quot; which is not in range of -55 to 95px (/Specification/homepage.gspec:20)
  - &quot;login-button&quot; is -55px above &quot;text-block-3&quot; which is not in range of -50 to 90px (/Specification/homepage.gspec:25)
  - &quot;greeting&quot; is 9px above &quot;text-block-1&quot; which is not in range of 10 to 50px (/Specification/homepage.gspec:15)
">
      <![CDATA[com.galenframework.support.LayoutValidationException: /Specification/homepage.gspec, tags: [mobile]
  - "text-block-1" is 130px above "login-button" which is not in range of -55 to 95px (/Specification/homepage.gspec:20)
  - "login-button" is -55px above "text-block-3" which is not in range of -50 to 90px (/Specification/homepage.gspec:25)
  - "greeting" is 9px above "text-block-1" which is not in range of 10 to 50px (/Specification/homepage.gspec:15)

	at com.galenframework.support.GalenJavaTestBase.checkLayout(GalenJavaTestBase.java:129)
	at com.galenframework.support.GalenJavaTestBase.checkLayout(GalenJavaTestBase.java:111)
	at Test.HomePageTest.homePage_onDevice(HomePageTest.java:16)
	at sun.reflect.NativeMethodAccessorImpl.invoke0(Native Method)
	at sun.reflect.NativeMethodAccessorImpl.invoke(NativeMethodAccessorImpl.java:62)
	at sun.reflect.DelegatingMethodAccessorImpl.invoke(DelegatingMethodAccessorImpl.java:43)
	at java.lang.reflect.Method.invoke(Method.java:498)
	at org.testng.internal.MethodInvocationHelper.invokeMethod(MethodInvocationHelper.java:86)
	at org.testng.internal.Invoker.invokeMethod(Invoker.java:645)
	at org.testng.internal.Invoker.invokeTestMethod(Invoker.java:822)
	at org.testng.internal.Invoker.invokeTestMethods(Invoker.java:1130)
	at org.testng.internal.TestMethodWorker.invokeTestMethods(TestMethodWorker.java:129)
	at org.testng.internal.TestMethodWorker.run(TestMethodWorker.java:112)
	at org.testng.TestRunner.privateRun(TestRunner.java:782)
	at org.testng.TestRunner.run(TestRunner.java:632)
	at org.testng.SuiteRunner.runTest(SuiteRunner.java:366)
	at org.testng.SuiteRunner.runSequentially(SuiteRunner.java:361)
	at org.testng.SuiteRunner.privateRun(SuiteRunner.java:319)
	at org.testng.SuiteRunner.run(SuiteRunner.java:268)
	at org.testng.SuiteRunnerWorker.runSuite(SuiteRunnerWorker.java:52)
	at org.testng.SuiteRunnerWorker.run(SuiteRunnerWorker.java:86)
	at org.testng.TestNG.runSuitesSequentially(TestNG.java:1244)
	at org.testng.TestNG.runSuitesLocally(TestNG.java:1169)
	at org.testng.TestNG.run(TestNG.java:1064)
	at org.testng.remote.RemoteTestNG.run(RemoteTestNG.java:113)
	at org.testng.remote.RemoteTestNG.initAndRun(RemoteTestNG.java:206)
	at org.testng.remote.RemoteTestNG.main(RemoteTestNG.java:177)
]]>
    </error>
  </testcase> <!-- homePage_onDevice -->
  <testcase name="homePage_onDevice" time="61.569" classname="Test.HomePageTest"/>
  <testcase name="homePage_onDevice" time="21.022" classname="Test.HomePageTest">
    <error type="com.galenframework.support.LayoutValidationException" message="/Specification/homepage.gspec, tags: [desktop]
  - &quot;greeting&quot; is 9px above &quot;text-block-1&quot; which is not in range of 10 to 50px (/Specification/homepage.gspec:15)
">
      <![CDATA[com.galenframework.support.LayoutValidationException: /Specification/homepage.gspec, tags: [desktop]
  - "greeting" is 9px above "text-block-1" which is not in range of 10 to 50px (/Specification/homepage.gspec:15)

	at com.galenframework.support.GalenJavaTestBase.checkLayout(GalenJavaTestBase.java:129)
	at com.galenframework.support.GalenJavaTestBase.checkLayout(GalenJavaTestBase.java:111)
	at Test.HomePageTest.homePage_onDevice(HomePageTest.java:16)
	at sun.reflect.NativeMethodAccessorImpl.invoke0(Native Method)
	at sun.reflect.NativeMethodAccessorImpl.invoke(NativeMethodAccessorImpl.java:62)
	at sun.reflect.DelegatingMethodAccessorImpl.invoke(DelegatingMethodAccessorImpl.java:43)
	at java.lang.reflect.Method.invoke(Method.java:498)
	at org.testng.internal.MethodInvocationHelper.invokeMethod(MethodInvocationHelper.java:86)
	at org.testng.internal.Invoker.invokeMethod(Invoker.java:645)
	at org.testng.internal.Invoker.invokeTestMethod(Invoker.java:822)
	at org.testng.internal.Invoker.invokeTestMethods(Invoker.java:1130)
	at org.testng.internal.TestMethodWorker.invokeTestMethods(TestMethodWorker.java:129)
	at org.testng.internal.TestMethodWorker.run(TestMethodWorker.java:112)
	at org.testng.TestRunner.privateRun(TestRunner.java:782)
	at org.testng.TestRunner.run(TestRunner.java:632)
	at org.testng.SuiteRunner.runTest(SuiteRunner.java:366)
	at org.testng.SuiteRunner.runSequentially(SuiteRunner.java:361)
	at org.testng.SuiteRunner.privateRun(SuiteRunner.java:319)
	at org.testng.SuiteRunner.run(SuiteRunner.java:268)
	at org.testng.SuiteRunnerWorker.runSuite(SuiteRunnerWorker.java:52)
	at org.testng.SuiteRunnerWorker.run(SuiteRunnerWorker.java:86)
	at org.testng.TestNG.runSuitesSequentially(TestNG.java:1244)
	at org.testng.TestNG.runSuitesLocally(TestNG.java:1169)
	at org.testng.TestNG.run(TestNG.java:1064)
	at org.testng.remote.RemoteTestNG.run(RemoteTestNG.java:113)
	at org.testng.remote.RemoteTestNG.initAndRun(RemoteTestNG.java:206)
	at org.testng.remote.RemoteTestNG.main(RemoteTestNG.java:177)
]]>
    </error>
  </testcase> <!-- homePage_onDevice -->
</testsuite> <!-- Test.HomePageTest -->
